<?xml version="1.0" encoding="UTF-8"?>
<testng-results ignored="0" total="1" passed="1" failed="0" skipped="0">
  <reporter-output>
  </reporter-output>
  <suite started-at="2021-10-01T10:52:39 CEST" name="Default suite" finished-at="2021-10-01T10:52:45 CEST" duration-ms="6029">
    <groups>
    </groups>
    <test started-at="2021-10-01T10:52:39 CEST" name="Default test" finished-at="2021-10-01T10:52:45 CEST" duration-ms="6029">
      <class name="Tests.TestEtherscan">
        <test-method is-config="true" signature="setUp()[pri:0, instance:Tests.TestEtherscan@49d904ec]" started-at="2021-10-01T10:52:39 CEST" name="setUp" finished-at="2021-10-01T10:52:42 CEST" duration-ms="2744" status="PASS">
          <reporter-output>
          </reporter-output>
        </test-method> <!-- setUp -->
        <test-method is-config="true" signature="pageSetup()[pri:0, instance:Tests.TestEtherscan@49d904ec]" started-at="2021-10-01T10:52:42 CEST" name="pageSetup" finished-at="2021-10-01T10:52:44 CEST" duration-ms="2018" status="PASS">
          <reporter-output>
          </reporter-output>
        </test-method> <!-- pageSetup -->
        <test-method signature="isTermsAccepted()[pri:40, instance:Tests.TestEtherscan@49d904ec]" started-at="2021-10-01T10:52:44 CEST" name="isTermsAccepted" finished-at="2021-10-01T10:52:45 CEST" duration-ms="1215" status="PASS">
          <reporter-output>
          </reporter-output>
        </test-method> <!-- isTermsAccepted -->
        <test-method is-config="true" signature="tearDown()[pri:0, instance:Tests.TestEtherscan@49d904ec]" started-at="2021-10-01T10:52:45 CEST" name="tearDown" finished-at="2021-10-01T10:52:45 CEST" duration-ms="0" status="PASS">
          <reporter-output>
          </reporter-output>
        </test-method> <!-- tearDown -->
      </class> <!-- Tests.TestEtherscan -->
    </test> <!-- Default test -->
  </suite> <!-- Default suite -->
</testng-results>
